Using pre-set license
Built from '6000.0/staging' branch; Version is '6000.0.38f1 (82314a941f2d) revision 8532298'; Using compiler version '193933523'; Build Type 'Release'
OS: 'Windows 10  (10.0.19045) 64bit CoreSingleLanguage' Language: 'en' Physical Memory: 14273 MB
BatchMode: 1, IsHumanControllingUs: 0, StartBugReporterOnCrash: 0, Is64bit: 1, IsPro: 1

COMMAND LINE ARGUMENTS:
C:\Program Files\Unity\Hub\Editor\6000.0.38f1\Editor\Unity.exe
-adb2
-batchMode
-noUpm
-name
AssetImportWorker0
-projectPath
C:/Users/abhishek/Desktop/Unity-3d-Project/Rocket Rush
-logFile
Logs/AssetImportWorker0.log
-srvPort
50312
-job-worker-count
3
-background-job-worker-count
8
-gc-helper-count
1
Successfully changed project path to: C:/Users/abhishek/Desktop/Unity-3d-Project/Rocket Rush
C:/Users/abhishek/Desktop/Unity-3d-Project/Rocket Rush
[UnityMemory] Configuration Parameters - Can be set up in boot.config
    "memorysetup-bucket-allocator-granularity=16"
    "memorysetup-bucket-allocator-bucket-count=8"
    "memorysetup-bucket-allocator-block-size=33554432"
    "memorysetup-bucket-allocator-block-count=8"
    "memorysetup-main-allocator-block-size=16777216"
    "memorysetup-thread-allocator-block-size=16777216"
    "memorysetup-gfx-main-allocator-block-size=16777216"
    "memorysetup-gfx-thread-allocator-block-size=16777216"
    "memorysetup-cache-allocator-block-size=4194304"
    "memorysetup-typetree-allocator-block-size=2097152"
    "memorysetup-profiler-bucket-allocator-granularity=16"
    "memorysetup-profiler-bucket-allocator-bucket-count=8"
    "memorysetup-profiler-bucket-allocator-block-size=33554432"
    "memorysetup-profiler-bucket-allocator-block-count=8"
    "memorysetup-profiler-allocator-block-size=16777216"
    "memorysetup-profiler-editor-allocator-block-size=1048576"
    "memorysetup-temp-allocator-size-main=16777216"
    "memorysetup-job-temp-allocator-block-size=2097152"
    "memorysetup-job-temp-allocator-block-size-background=1048576"
    "memorysetup-job-temp-allocator-reduction-small-platforms=262144"
    "memorysetup-allocator-temp-initial-block-size-main=262144"
    "memorysetup-allocator-temp-initial-block-size-worker=262144"
    "memorysetup-temp-allocator-size-background-worker=32768"
    "memorysetup-temp-allocator-size-job-worker=262144"
    "memorysetup-temp-allocator-size-preload-manager=33554432"
    "memorysetup-temp-allocator-size-nav-mesh-worker=65536"
    "memorysetup-temp-allocator-size-audio-worker=65536"
    "memorysetup-temp-allocator-size-cloud-worker=32768"
    "memorysetup-temp-allocator-size-gi-baking-worker=262144"
    "memorysetup-temp-allocator-size-gi-baking-worker=262144"
    "memorysetup-temp-allocator-size-gi-baking-worker=262144"
    "memorysetup-temp-allocator-size-gi-baking-worker=262144"
    "memorysetup-temp-allocator-size-gi-baking-worker=262144"
    "memorysetup-temp-allocator-size-gfx=262144"
Player connection [12684]  Target information:

Player connection [12684]  * "[IP] 192.168.56.1 [Port] 0 [Flags] 2 [Guid] 4202327324 [EditorId] 4202327324 [Version] 1048832 [Id] WindowsEditor(7,acerAspire7) [Debug] 1 [PackageName] WindowsEditor [ProjectName] Editor" 

Player connection [12684]  * "[IP] 192.168.1.34 [Port] 0 [Flags] 2 [Guid] 4202327324 [EditorId] 4202327324 [Version] 1048832 [Id] WindowsEditor(7,acerAspire7) [Debug] 1 [PackageName] WindowsEditor [ProjectName] Editor" 

Player connection [12684] Host joined multi-casting on [225.0.0.222:54997]...
Player connection [12684] Host joined alternative multi-casting on [225.0.0.222:34997]...
JobSystem: Creating JobQueue using job-worker-count value 3
Input System module state changed to: Initialized.
[Physics::Module] Initialized fallback backend.
[Physics::Module] Id: 0xdecafbad
Library Redirect Path: Library/
[Physics::Module] Selected backend.
[Physics::Module] Name: PhysX
[Physics::Module] Id: 0xf2b8ea05
[Physics::Module] SDK Version: 4.1.2
[Physics::Module] Integration Version: 1.0.0
[Physics::Module] Threading Mode: Multi-Threaded
Refreshing native plugins compatible for Editor in 3.11 ms, found 3 plugins.
Preloading 0 native plugins for Editor in 0.00 ms.
Initialize engine version: 6000.0.38f1 (82314a941f2d)
[Subsystems] Discovering subsystems at path C:/Program Files/Unity/Hub/Editor/6000.0.38f1/Editor/Data/Resources/UnitySubsystems
[Subsystems] Discovering subsystems at path C:/Users/abhishek/Desktop/Unity-3d-Project/Rocket Rush/Assets
GfxDevice: creating device client; kGfxThreadingModeNonThreaded
Direct3D:
    Version:  Direct3D 11.0 [level 11.1]
    Renderer: NVIDIA GeForce GTX 1650 (ID=0x1f99)
    Vendor:   NVIDIA
    VRAM:     3938 MB
    Driver:   32.0.15.8097
Initialize mono
Mono path[0] = 'C:/Program Files/Unity/Hub/Editor/6000.0.38f1/Editor/Data/Managed'
Mono path[1] = 'C:/Program Files/Unity/Hub/Editor/6000.0.38f1/Editor/Data/MonoBleedingEdge/lib/mono/unityjit-win32'
Mono config path = 'C:/Program Files/Unity/Hub/Editor/6000.0.38f1/Editor/Data/MonoBleedingEdge/etc'
Using monoOptions --debugger-agent=transport=dt_socket,embedding=1,server=y,suspend=n,address=127.0.0.1:56968
Begin MonoManager ReloadAssembly
Registering precompiled unity dll's ...
Register platform support module: C:/Program Files/Unity/Hub/Editor/6000.0.38f1/Editor/Data/PlaybackEngines/WindowsStandaloneSupport/UnityEditor.WindowsStandalone.Extensions.dll
Registered in 0.004397 seconds.
- Loaded All Assemblies, in  0.951 seconds
Native extension for WindowsStandalone target not found
Mono: successfully reloaded assembly
- Finished resetting the current domain, in  0.771 seconds
Domain Reload Profiling: 1715ms
	BeginReloadAssembly (308ms)
		ExecutionOrderSort (0ms)
		DisableScriptedObjects (0ms)
		BackupInstance (0ms)
		ReleaseScriptingObjects (0ms)
		CreateAndSetChildDomain (2ms)
	RebuildCommonClasses (81ms)
	RebuildNativeTypeToScriptingClass (29ms)
	initialDomainReloadingComplete (138ms)
	LoadAllAssembliesAndSetupDomain (388ms)
		LoadAssemblies (298ms)
		RebuildTransferFunctionScriptingTraits (0ms)
		AnalyzeDomain (378ms)
			TypeCache.Refresh (375ms)
				TypeCache.ScanAssembly (348ms)
			BuildScriptInfoCaches (0ms)
			ResolveRequiredComponents (1ms)
	FinalizeReload (772ms)
		ReleaseScriptCaches (0ms)
		RebuildScriptCaches (0ms)
		SetupLoadedEditorAssemblies (663ms)
			LogAssemblyErrors (0ms)
			InitializePlatformSupportModulesInManaged (70ms)
			SetLoadedEditorAssemblies (9ms)
			BeforeProcessingInitializeOnLoad (115ms)
			ProcessInitializeOnLoadAttributes (348ms)
			ProcessInitializeOnLoadMethodAttributes (120ms)
			AfterProcessingInitializeOnLoad (0ms)
			EditorAssembliesLoaded (0ms)
		ExecutionOrderSort2 (0ms)
		AwakeInstancesAfterBackupRestoration (0ms)
Assembly reference Packages/com.unity.cinemachine/Editor/Samples/ExposeHDRPInternals/HDRP-Editor-ref.asmref has no target assembly definition
========================================================================
Worker process is ready to serve import requests
Import Worker Mode flag is 0x00
Assembly reference Packages/com.unity.cinemachine/Editor/Samples/ExposeHDRPInternals/HDRP-Editor-ref.asmref has no target assembly definition
Assembly reference Packages/com.unity.cinemachine/Editor/Samples/ExposeHDRPInternals/HDRP-Editor-ref.asmref has no target assembly definition
Begin MonoManager ReloadAssembly
- Loaded All Assemblies, in  1.694 seconds
Assembly reference Packages/com.unity.cinemachine/Editor/Samples/ExposeHDRPInternals/HDRP-Editor-ref.asmref has no target assembly definition
'Packages/com.unity.cinemachine/Editor/Obsolete/CinemachineVirtualCameraBaseEditor.cs' contains partial class of Unity.Object, exactly 1 of the partial classes needs to be in a file with the same filename. This is to know the one that can be referenced from ie. GameObjects
'Packages/com.unity.cinemachine/Editor/Editors/CinemachineVirtualCameraBaseEditor.cs' contains partial class of Unity.Object, exactly 1 of the partial classes needs to be in a file with the same filename. This is to know the one that can be referenced from ie. GameObjects
Refreshing native plugins compatible for Editor in 2.77 ms, found 3 plugins.
Native extension for WindowsStandalone target not found
Assembly reference Packages/com.unity.cinemachine/Editor/Samples/ExposeHDRPInternals/HDRP-Editor-ref.asmref has no target assembly definition
Package Manager log level set to [2]
[Package Manager] Failed to launch server process. Reason: Unity was launched with the -noUpm command-line argument
[Package Manager] Unable to send message (not connected to server process).
[Package Manager] Cannot connect to Unity Package Manager local server
Mono: successfully reloaded assembly
- Finished resetting the current domain, in  1.946 seconds
Domain Reload Profiling: 3633ms
	BeginReloadAssembly (369ms)
		ExecutionOrderSort (0ms)
		DisableScriptedObjects (15ms)
		BackupInstance (0ms)
		ReleaseScriptingObjects (0ms)
		CreateAndSetChildDomain (55ms)
	RebuildCommonClasses (75ms)
	RebuildNativeTypeToScriptingClass (29ms)
	initialDomainReloadingComplete (76ms)
	LoadAllAssembliesAndSetupDomain (1137ms)
		LoadAssemblies (796ms)
		RebuildTransferFunctionScriptingTraits (0ms)
		AnalyzeDomain (567ms)
			TypeCache.Refresh (416ms)
				TypeCache.ScanAssembly (387ms)
			BuildScriptInfoCaches (119ms)
			ResolveRequiredComponents (27ms)
	FinalizeReload (1947ms)
		ReleaseScriptCaches (0ms)
		RebuildScriptCaches (0ms)
		SetupLoadedEditorAssemblies (1487ms)
			LogAssemblyErrors (0ms)
			InitializePlatformSupportModulesInManaged (6ms)
			SetLoadedEditorAssemblies (12ms)
			BeforeProcessingInitializeOnLoad (286ms)
			ProcessInitializeOnLoadAttributes (942ms)
			ProcessInitializeOnLoadMethodAttributes (226ms)
			AfterProcessingInitializeOnLoad (14ms)
			EditorAssembliesLoaded (0ms)
		ExecutionOrderSort2 (0ms)
		AwakeInstancesAfterBackupRestoration (13ms)
Launched and connected shader compiler UnityShaderCompiler.exe after 0.03 seconds
Refreshing native plugins compatible for Editor in 2.08 ms, found 3 plugins.
Preloading 0 native plugins for Editor in 0.00 ms.
Unloading 200 Unused Serialized files (Serialized files now loaded: 0)
Unloading 6332 unused Assets / (5.2 MB). Loaded Objects now: 7020.
Memory consumption went from 156.2 MB to 151.0 MB.
Total: 19.691200 ms (FindLiveObjects: 1.214400 ms CreateObjectMapping: 2.059900 ms MarkObjects: 10.183000 ms  DeleteObjects: 6.231700 ms)

========================================================================
Received Import Request.
  Time since last request: 1538.789039 seconds.
  path: Assets/InputSystem_Actions.inputactions
  artifactKey: Guid(052faaac586de48259a63d0c4782560b) Importer(815301076,1909f56bfc062723c751e8b465ee728b)
Start importing Assets/InputSystem_Actions.inputactions using Guid(052faaac586de48259a63d0c4782560b) Importer(815301076,1909f56bfc062723c751e8b465ee728b) (PreviewImporter) -> (artifact id: '5e3f70f0364ded6a0e35bba7f5564b43') in 0.0595407 seconds
Number of updated asset objects reloaded before import = 0Number of asset objects unloaded after import = 20

========================================================================
Received Import Request.
  Time since last request: 96.229878 seconds.
  path: Assets/Scenes
  artifactKey: Guid(9c53962885c2c4f449125a979d6ad240) Importer(815301076,1909f56bfc062723c751e8b465ee728b)
Start importing Assets/Scenes using Guid(9c53962885c2c4f449125a979d6ad240) Importer(815301076,1909f56bfc062723c751e8b465ee728b) (PreviewImporter) -> (artifact id: 'ae1af5c61b2fd4bcacfc65f55f013a75') in 0.0007384 seconds
Number of updated asset objects reloaded before import = 0Number of asset objects unloaded after import = 0

========================================================================
Received Import Request.
  Time since last request: 3.624198 seconds.
  path: Assets/Scenes/Over
  artifactKey: Guid(4a1e080025243b7408da874f5d327237) Importer(815301076,1909f56bfc062723c751e8b465ee728b)
Start importing Assets/Scenes/Over using Guid(4a1e080025243b7408da874f5d327237) Importer(815301076,1909f56bfc062723c751e8b465ee728b) (PreviewImporter) -> (artifact id: '00301605b8a203b70f1c71bc0f6d3cd7') in 0.0014078 seconds
Number of updated asset objects reloaded before import = 0Number of asset objects unloaded after import = 0

========================================================================
Received Import Request.
  Time since last request: 0.038886 seconds.
  path: Assets/Scenes/Over/LightingData.asset
  artifactKey: Guid(552217f2191556c40956579bbbf1fc41) Importer(815301076,1909f56bfc062723c751e8b465ee728b)
Start importing Assets/Scenes/Over/LightingData.asset using Guid(552217f2191556c40956579bbbf1fc41) Importer(815301076,1909f56bfc062723c751e8b465ee728b) (PreviewImporter) -> (artifact id: 'de28f92c55b8e0a7acdaa7f0ebe974b2') in 0.0017602 seconds
Number of updated asset objects reloaded before import = 0Number of asset objects unloaded after import = 2

========================================================================
Received Import Request.
  Time since last request: 4.520956 seconds.
  path: Assets/Scenes/First level.unity
  artifactKey: Guid(d49efd4b374c32548b7f5b0876a696c2) Importer(815301076,1909f56bfc062723c751e8b465ee728b)
Start importing Assets/Scenes/First level.unity using Guid(d49efd4b374c32548b7f5b0876a696c2) Importer(815301076,1909f56bfc062723c751e8b465ee728b) (PreviewImporter) -> (artifact id: 'f081a959e5aba348ca6f0a0c7743584b') in 0.0008234 seconds
Number of updated asset objects reloaded before import = 0Number of asset objects unloaded after import = 0

========================================================================
Received Import Request.
  Time since last request: 95.720857 seconds.
  path: Assets/Scenes/Second level.unity
  artifactKey: Guid(1ee46dbbf74014142b61c268b9ed3fd3) Importer(815301076,1909f56bfc062723c751e8b465ee728b)
Start importing Assets/Scenes/Second level.unity using Guid(1ee46dbbf74014142b61c268b9ed3fd3) Importer(815301076,1909f56bfc062723c751e8b465ee728b) (PreviewImporter) -> (artifact id: 'f233335939a2efec41e55d2cdbeb863e') in 0.0007598 seconds
Number of updated asset objects reloaded before import = 0Number of asset objects unloaded after import = 0

========================================================================
Received Import Request.
  Time since last request: 231.110020 seconds.
  path: Assets/GameDevTV Assets
  artifactKey: Guid(45d95fb0a8a943a4da0abdc90052bd5a) Importer(815301076,1909f56bfc062723c751e8b465ee728b)
Start importing Assets/GameDevTV Assets using Guid(45d95fb0a8a943a4da0abdc90052bd5a) Importer(815301076,1909f56bfc062723c751e8b465ee728b) (PreviewImporter) -> (artifact id: '594df06c6d4acf9e4a8993d44a312ea8') in 0.0009323 seconds
Number of updated asset objects reloaded before import = 0Number of asset objects unloaded after import = 0

========================================================================
Received Import Request.
  Time since last request: 1.303475 seconds.
  path: Assets/GameDevTV Assets/Models
  artifactKey: Guid(e5d34ba84c326a848a03143612cad59b) Importer(815301076,1909f56bfc062723c751e8b465ee728b)
Start importing Assets/GameDevTV Assets/Models using Guid(e5d34ba84c326a848a03143612cad59b) Importer(815301076,1909f56bfc062723c751e8b465ee728b) (PreviewImporter) -> (artifact id: '9a2cff65f55420b7b266586cf0b6668b') in 0.0007945 seconds
Number of updated asset objects reloaded before import = 0Number of asset objects unloaded after import = 0

========================================================================
Received Import Request.
  Time since last request: 0.046599 seconds.
  path: Assets/GameDevTV Assets/Models/Building_02.fbx
  artifactKey: Guid(981dc53f9c78ccd4eb6a545f083bc814) Importer(815301076,1909f56bfc062723c751e8b465ee728b)
Start importing Assets/GameDevTV Assets/Models/Building_02.fbx using Guid(981dc53f9c78ccd4eb6a545f083bc814) Importer(815301076,1909f56bfc062723c751e8b465ee728b) (PreviewImporter) -> (artifact id: '25da8f6c5159a570af2035000eca4f60') in 11.360791 seconds
Number of updated asset objects reloaded before import = 0Number of asset objects unloaded after import = 10

========================================================================
Received Import Request.
  Time since last request: 0.000058 seconds.
  path: Assets/GameDevTV Assets/Models/Dropship_05_Antenna_Yellow.fbx
  artifactKey: Guid(893dd7bb544a72441b43e6873d081b0f) Importer(815301076,1909f56bfc062723c751e8b465ee728b)
Start importing Assets/GameDevTV Assets/Models/Dropship_05_Antenna_Yellow.fbx using Guid(893dd7bb544a72441b43e6873d081b0f) Importer(815301076,1909f56bfc062723c751e8b465ee728b) (PreviewImporter) -> (artifact id: 'd24154c00508a77cbe95258f8eae366c') in 0.0374267 seconds
Number of updated asset objects reloaded before import = 0Number of asset objects unloaded after import = 9

========================================================================
Received Import Request.
  Time since last request: 0.000044 seconds.
  path: Assets/GameDevTV Assets/Models/Mothership_02_Roof_Hatch_Blue.fbx
  artifactKey: Guid(ad39e1743733cb048b438c089ba4ec23) Importer(815301076,1909f56bfc062723c751e8b465ee728b)
Start importing Assets/GameDevTV Assets/Models/Mothership_02_Roof_Hatch_Blue.fbx using Guid(ad39e1743733cb048b438c089ba4ec23) Importer(815301076,1909f56bfc062723c751e8b465ee728b) (PreviewImporter) -> (artifact id: '504a0074dde0ff2d0f921c70a6c8079d') in 0.0496907 seconds
Number of updated asset objects reloaded before import = 0Number of asset objects unloaded after import = 18

========================================================================
Received Import Request.
  Time since last request: 0.000043 seconds.
  path: Assets/GameDevTV Assets/Models/Fighter_03_Engine_Yellow.fbx
  artifactKey: Guid(dd065d2ecf244ac40a2ebcda998652c3) Importer(815301076,1909f56bfc062723c751e8b465ee728b)
Start importing Assets/GameDevTV Assets/Models/Fighter_03_Engine_Yellow.fbx using Guid(dd065d2ecf244ac40a2ebcda998652c3) Importer(815301076,1909f56bfc062723c751e8b465ee728b) (PreviewImporter) -> (artifact id: '30d488cf08c6496307d7d64346e0fbf4') in 0.0367186 seconds
Number of updated asset objects reloaded before import = 0Number of asset objects unloaded after import = 9

========================================================================
Received Import Request.
  Time since last request: 0.000048 seconds.
  path: Assets/GameDevTV Assets/Models/Dropship_01_Left_Compartment_Red.fbx
  artifactKey: Guid(6f86c34ae85b73944b67468ca1680b59) Importer(815301076,1909f56bfc062723c751e8b465ee728b)
Start importing Assets/GameDevTV Assets/Models/Dropship_01_Left_Compartment_Red.fbx using Guid(6f86c34ae85b73944b67468ca1680b59) Importer(815301076,1909f56bfc062723c751e8b465ee728b) (PreviewImporter) -> (artifact id: 'cde4f1d897fe8b05b0fb9df2df099278') in 0.0377665 seconds
Number of updated asset objects reloaded before import = 0Number of asset objects unloaded after import = 18

========================================================================
Received Import Request.
  Time since last request: 0.000037 seconds.
  path: Assets/GameDevTV Assets/Models/Dropship_02_Body_Yellow.fbx
  artifactKey: Guid(eec6e35c3e07f9b47b15e9841f7b8047) Importer(815301076,1909f56bfc062723c751e8b465ee728b)
Start importing Assets/GameDevTV Assets/Models/Dropship_02_Body_Yellow.fbx using Guid(eec6e35c3e07f9b47b15e9841f7b8047) Importer(815301076,1909f56bfc062723c751e8b465ee728b) (PreviewImporter) -> (artifact id: '7db2a71f0d9abcea07b118a367211b41') in 0.0378382 seconds
Number of updated asset objects reloaded before import = 0Number of asset objects unloaded after import = 25

========================================================================
Received Import Request.
  Time since last request: 0.000045 seconds.
  path: Assets/GameDevTV Assets/Models/Fighter_08_Pipe_Red.fbx
  artifactKey: Guid(f4fe8856448d07947bcd5926b66f3890) Importer(815301076,1909f56bfc062723c751e8b465ee728b)
Start importing Assets/GameDevTV Assets/Models/Fighter_08_Pipe_Red.fbx using Guid(f4fe8856448d07947bcd5926b66f3890) Importer(815301076,1909f56bfc062723c751e8b465ee728b) (PreviewImporter) -> (artifact id: '394ce7f95d43e5a912b9147a71780f1b') in 0.0376942 seconds
Number of updated asset objects reloaded before import = 0Number of asset objects unloaded after import = 9

========================================================================
Received Import Request.
  Time since last request: 0.000036 seconds.
  path: Assets/GameDevTV Assets/Models/Mothership_02_Tip_Red.fbx
  artifactKey: Guid(2450775d12196084085b9a4fd9b18191) Importer(815301076,1909f56bfc062723c751e8b465ee728b)
Start importing Assets/GameDevTV Assets/Models/Mothership_02_Tip_Red.fbx using Guid(2450775d12196084085b9a4fd9b18191) Importer(815301076,1909f56bfc062723c751e8b465ee728b) (PreviewImporter) -> (artifact id: '36d93dc4d9dc7cdcf92e22cd78014cbc') in 0.0354041 seconds
Number of updated asset objects reloaded before import = 0Number of asset objects unloaded after import = 9

========================================================================
Received Import Request.
  Time since last request: 0.000034 seconds.
  path: Assets/GameDevTV Assets/Models/Fighter_10_Frontal_Body_Yellow.fbx
  artifactKey: Guid(d3a527b05ad621a47849900f5849db58) Importer(815301076,1909f56bfc062723c751e8b465ee728b)
Start importing Assets/GameDevTV Assets/Models/Fighter_10_Frontal_Body_Yellow.fbx using Guid(d3a527b05ad621a47849900f5849db58) Importer(815301076,1909f56bfc062723c751e8b465ee728b) (PreviewImporter) -> (artifact id: '4c800f89de8d0c7e0b077b9ea4d6687e') in 0.0333436 seconds
Number of updated asset objects reloaded before import = 0Number of asset objects unloaded after import = 9

========================================================================
Received Import Request.
  Time since last request: 0.000050 seconds.
  path: Assets/GameDevTV Assets/Models/Dropship_03_Piping_Small_Red.fbx
  artifactKey: Guid(3176bd0e91a5df94e8add8e4ed1557ae) Importer(815301076,1909f56bfc062723c751e8b465ee728b)
Start importing Assets/GameDevTV Assets/Models/Dropship_03_Piping_Small_Red.fbx using Guid(3176bd0e91a5df94e8add8e4ed1557ae) Importer(815301076,1909f56bfc062723c751e8b465ee728b) (PreviewImporter) -> (artifact id: 'b2c209fb56acedef497d961845c723fc') in 0.0383448 seconds
Number of updated asset objects reloaded before import = 0Number of asset objects unloaded after import = 9

========================================================================
Received Import Request.
  Time since last request: 41.168962 seconds.
  path: Assets/GameDevTV Assets/Models/Spaceship/Dropship_03_Thruster.fbx
  artifactKey: Guid(266abda2514f6d14e94e942dbc17504a) Importer(815301076,1909f56bfc062723c751e8b465ee728b)
Start importing Assets/GameDevTV Assets/Models/Spaceship/Dropship_03_Thruster.fbx using Guid(266abda2514f6d14e94e942dbc17504a) Importer(815301076,1909f56bfc062723c751e8b465ee728b) (PreviewImporter) -> (artifact id: 'a9e2438f529879b87e6003756337747d') in 0.0507461 seconds
Number of updated asset objects reloaded before import = 0Number of asset objects unloaded after import = 10

========================================================================
Received Import Request.
  Time since last request: 0.000034 seconds.
  path: Assets/GameDevTV Assets/Models/Spaceship/Fighter_05_Hatch_Blue.fbx
  artifactKey: Guid(9ed8defff4f3b2b449c84b5a8a819ac8) Importer(815301076,1909f56bfc062723c751e8b465ee728b)
Start importing Assets/GameDevTV Assets/Models/Spaceship/Fighter_05_Hatch_Blue.fbx using Guid(9ed8defff4f3b2b449c84b5a8a819ac8) Importer(815301076,1909f56bfc062723c751e8b465ee728b) (PreviewImporter) -> (artifact id: 'b36bc1259388489284a06fd749ba05ab') in 0.033826 seconds
Number of updated asset objects reloaded before import = 0Number of asset objects unloaded after import = 9

========================================================================
Received Import Request.
  Time since last request: 0.000044 seconds.
  path: Assets/GameDevTV Assets/Models/Spaceship/Fighter_04_Detail_1_Blue.fbx
  artifactKey: Guid(953fe30c7b4888b418f3afc42ceefee8) Importer(815301076,1909f56bfc062723c751e8b465ee728b)
Start importing Assets/GameDevTV Assets/Models/Spaceship/Fighter_04_Detail_1_Blue.fbx using Guid(953fe30c7b4888b418f3afc42ceefee8) Importer(815301076,1909f56bfc062723c751e8b465ee728b) (PreviewImporter) -> (artifact id: '32e9ac7f7e6da6785be0d557248059d3') in 0.0317244 seconds
Number of updated asset objects reloaded before import = 0Number of asset objects unloaded after import = 7

========================================================================
Received Import Request.
  Time since last request: 24.442481 seconds.
  path: Assets/GameDevTV Assets/Materials and Textures/Materials/Colour_Palette2_SciFi.mat
  artifactKey: Guid(e3e1b63cd83a87847a996c25e31d9e50) Importer(815301076,1909f56bfc062723c751e8b465ee728b)
Start importing Assets/GameDevTV Assets/Materials and Textures/Materials/Colour_Palette2_SciFi.mat using Guid(e3e1b63cd83a87847a996c25e31d9e50) Importer(815301076,1909f56bfc062723c751e8b465ee728b) (PreviewImporter) -> (artifact id: 'd338d1073235617b2d97a502a5b6aa8d') in 0.0320726 seconds
Number of updated asset objects reloaded before import = 0Number of asset objects unloaded after import = 2

========================================================================
Received Import Request.
  Time since last request: 2.063385 seconds.
  path: Assets/GameDevTV Assets/Materials and Textures/Castle-Palette-Material.mat
  artifactKey: Guid(b20396b4a8fc9ea4598cbb3f8d4ff60d) Importer(815301076,1909f56bfc062723c751e8b465ee728b)
Start importing Assets/GameDevTV Assets/Materials and Textures/Castle-Palette-Material.mat using Guid(b20396b4a8fc9ea4598cbb3f8d4ff60d) Importer(815301076,1909f56bfc062723c751e8b465ee728b) (PreviewImporter) -> (artifact id: 'f0b7a24ffc1292e0df0931ffc9d23be3') in 3.9165276 seconds
Number of updated asset objects reloaded before import = 0Number of asset objects unloaded after import = 4

========================================================================
Received Import Request.
  Time since last request: 10.804265 seconds.
  path: Assets/GameDevTV Assets/Materials and Textures/Materials/Colour_Palette_SciFi.mat
  artifactKey: Guid(10f62677537be9b4e8ffbb6eab9ea484) Importer(815301076,1909f56bfc062723c751e8b465ee728b)
Start importing Assets/GameDevTV Assets/Materials and Textures/Materials/Colour_Palette_SciFi.mat using Guid(10f62677537be9b4e8ffbb6eab9ea484) Importer(815301076,1909f56bfc062723c751e8b465ee728b) (PreviewImporter) -> (artifact id: '12d0c70169d7d1e350b87f2260f75660') in 0.0274162 seconds
Number of updated asset objects reloaded before import = 0Number of asset objects unloaded after import = 2

========================================================================
Received Import Request.
  Time since last request: 8.099500 seconds.
  path: Assets/GameDevTV Assets/Materials and Textures/GameDev.tv Green.mat
  artifactKey: Guid(76b1a399f49d8a34c969523505e31e6d) Importer(815301076,1909f56bfc062723c751e8b465ee728b)
Start importing Assets/GameDevTV Assets/Materials and Textures/GameDev.tv Green.mat using Guid(76b1a399f49d8a34c969523505e31e6d) Importer(815301076,1909f56bfc062723c751e8b465ee728b) (PreviewImporter) -> (artifact id: 'c9821ebc440fbc387e9113dcc764eefc') in 0.0310105 seconds
Number of updated asset objects reloaded before import = 0Number of asset objects unloaded after import = 1

========================================================================
Received Import Request.
  Time since last request: 0.040198 seconds.
  path: Assets/GameDevTV Assets/Materials and Textures/Grey.mat
  artifactKey: Guid(f6a44c6bd042db64fa491159f0445117) Importer(815301076,1909f56bfc062723c751e8b465ee728b)
Start importing Assets/GameDevTV Assets/Materials and Textures/Grey.mat using Guid(f6a44c6bd042db64fa491159f0445117) Importer(815301076,1909f56bfc062723c751e8b465ee728b) (PreviewImporter) -> (artifact id: 'f7a3d9055b1df4c6e8763a8dbf92a573') in 0.0271214 seconds
Number of updated asset objects reloaded before import = 0Number of asset objects unloaded after import = 1

========================================================================
Received Import Request.
  Time since last request: 0.336882 seconds.
  path: Assets/Materials/New Material.mat
  artifactKey: Guid(5d6aa27b6e61e1941b41f078481956c3) Importer(815301076,1909f56bfc062723c751e8b465ee728b)
Start importing Assets/Materials/New Material.mat using Guid(5d6aa27b6e61e1941b41f078481956c3) Importer(815301076,1909f56bfc062723c751e8b465ee728b) (PreviewImporter) -> (artifact id: '2b8809e4a97e22487f5e2ede86fd62d5') in 0.0266012 seconds
Number of updated asset objects reloaded before import = 0Number of asset objects unloaded after import = 1

========================================================================
Received Import Request.
  Time since last request: 6.728783 seconds.
  path: Assets/GameDevTV Assets/Materials and Textures/New Material.mat
  artifactKey: Guid(0fedd85d48d6919449437cfafe1db151) Importer(815301076,1909f56bfc062723c751e8b465ee728b)
Start importing Assets/GameDevTV Assets/Materials and Textures/New Material.mat using Guid(0fedd85d48d6919449437cfafe1db151) Importer(815301076,1909f56bfc062723c751e8b465ee728b) (PreviewImporter) -> (artifact id: 'e3f0aa27e92d17f330a7c121dee165a9') in 0.0264824 seconds
Number of updated asset objects reloaded before import = 0Number of asset objects unloaded after import = 1

========================================================================
Received Import Request.
  Time since last request: 0.026735 seconds.
  path: Assets/Materials/New Material 1.mat
  artifactKey: Guid(0211fb6aa3d3b7145ad71b96b90d177c) Importer(815301076,1909f56bfc062723c751e8b465ee728b)
Start importing Assets/Materials/New Material 1.mat using Guid(0211fb6aa3d3b7145ad71b96b90d177c) Importer(815301076,1909f56bfc062723c751e8b465ee728b) (PreviewImporter) -> (artifact id: 'aac9a74f8eb78dd8b9d928a68de58c13') in 0.0464295 seconds
Number of updated asset objects reloaded before import = 0Number of asset objects unloaded after import = 1

========================================================================
Received Import Request.
  Time since last request: 0.518898 seconds.
  path: Assets/Materials/New Material 2.mat
  artifactKey: Guid(1870c724150ae03499d88c49b40836d3) Importer(815301076,1909f56bfc062723c751e8b465ee728b)
Start importing Assets/Materials/New Material 2.mat using Guid(1870c724150ae03499d88c49b40836d3) Importer(815301076,1909f56bfc062723c751e8b465ee728b) (PreviewImporter) -> (artifact id: '7495302d67dceb7c62a02ddb340b3078') in 0.0276894 seconds
Number of updated asset objects reloaded before import = 0Number of asset objects unloaded after import = 1

========================================================================
Received Import Request.
  Time since last request: 22.359190 seconds.
  path: Assets/Materials
  artifactKey: Guid(c402ad9e19246ce4781d892a86e5e154) Importer(815301076,1909f56bfc062723c751e8b465ee728b)
Start importing Assets/Materials using Guid(c402ad9e19246ce4781d892a86e5e154) Importer(815301076,1909f56bfc062723c751e8b465ee728b) (PreviewImporter) -> (artifact id: '25a697616dbb91d1d132de102a4a5067') in 0.0009287 seconds
Number of updated asset objects reloaded before import = 0Number of asset objects unloaded after import = 0

========================================================================
Received Import Request.
  Time since last request: 3.714595 seconds.
  path: Assets/Audios
  artifactKey: Guid(b29cfb754720353479a24440b75de2b8) Importer(815301076,1909f56bfc062723c751e8b465ee728b)
Start importing Assets/Audios using Guid(b29cfb754720353479a24440b75de2b8) Importer(815301076,1909f56bfc062723c751e8b465ee728b) (PreviewImporter) -> (artifact id: 'd0a0e592070347eeea2813193d24b366') in 0.0007906 seconds
Number of updated asset objects reloaded before import = 0Number of asset objects unloaded after import = 0

========================================================================
Received Import Request.
  Time since last request: 0.020646 seconds.
  path: Assets/Audios/SFX - Death Explosion.ogg
  artifactKey: Guid(afbcdcd04958e8643a842a16d568138b) Importer(815301076,1909f56bfc062723c751e8b465ee728b)
Start importing Assets/Audios/SFX - Death Explosion.ogg using Guid(afbcdcd04958e8643a842a16d568138b) Importer(815301076,1909f56bfc062723c751e8b465ee728b) (PreviewImporter) -> (artifact id: 'fc7c4eeb9670ecb719839964ba0b41f2') in 0.070001 seconds
Number of updated asset objects reloaded before import = 0Number of asset objects unloaded after import = 2

========================================================================
Received Import Request.
  Time since last request: 0.000054 seconds.
  path: Assets/Audios/SFX - Success.ogg
  artifactKey: Guid(66d9be70d02700f46ab81caae2a30ae1) Importer(815301076,1909f56bfc062723c751e8b465ee728b)
Start importing Assets/Audios/SFX - Success.ogg using Guid(66d9be70d02700f46ab81caae2a30ae1) Importer(815301076,1909f56bfc062723c751e8b465ee728b) (PreviewImporter) -> (artifact id: '8daec058f1e980671fd9205c31d361c2') in 0.0251408 seconds
Number of updated asset objects reloaded before import = 0Number of asset objects unloaded after import = 2

========================================================================
Received Import Request.
  Time since last request: 4.781854 seconds.
  path: Assets/GameDevTV Assets/Prefabs
  artifactKey: Guid(360bc2e9d9f6a134bb26444e828f5eff) Importer(815301076,1909f56bfc062723c751e8b465ee728b)
Start importing Assets/GameDevTV Assets/Prefabs using Guid(360bc2e9d9f6a134bb26444e828f5eff) Importer(815301076,1909f56bfc062723c751e8b465ee728b) (PreviewImporter) -> (artifact id: 'b38e90dc030f6f7c4dd38d6e53d4fd39') in 0.0008911 seconds
Number of updated asset objects reloaded before import = 0Number of asset objects unloaded after import = 0

========================================================================
Received Import Request.
  Time since last request: 0.010523 seconds.
  path: Assets/GameDevTV Assets/Prefabs/Rick's Weird Space Pod.prefab
  artifactKey: Guid(cf91000b018c5e64d87fba48f5ab81b9) Importer(815301076,1909f56bfc062723c751e8b465ee728b)
Start importing Assets/GameDevTV Assets/Prefabs/Rick's Weird Space Pod.prefab using Guid(cf91000b018c5e64d87fba48f5ab81b9) Importer(815301076,1909f56bfc062723c751e8b465ee728b) (PreviewImporter) -> (artifact id: 'feb004e4007fb569f2cdbf8fde29e2ea') in 0.03668 seconds
Number of updated asset objects reloaded before import = 0Number of asset objects unloaded after import = 115

========================================================================
Received Import Request.
  Time since last request: 370.573916 seconds.
  path: Assets/Materials/New Material 3.mat
  artifactKey: Guid(aa6401d60388f0a42a3c16e3ce8778ef) Importer(815301076,1909f56bfc062723c751e8b465ee728b)
Start importing Assets/Materials/New Material 3.mat using Guid(aa6401d60388f0a42a3c16e3ce8778ef) Importer(815301076,1909f56bfc062723c751e8b465ee728b) (PreviewImporter) -> (artifact id: '807a428fd75bc3c290a3b8aceea66d8b') in 0.0325589 seconds
Number of updated asset objects reloaded before import = 0Number of asset objects unloaded after import = 1

========================================================================
Received Import Request.
  Time since last request: 0.023579 seconds.
  path: Assets/GameDevTV Assets/Materials and Textures/Rocket Blue.mat
  artifactKey: Guid(f084d4f4c5c90874d9e97b3a252d1482) Importer(815301076,1909f56bfc062723c751e8b465ee728b)
Start importing Assets/GameDevTV Assets/Materials and Textures/Rocket Blue.mat using Guid(f084d4f4c5c90874d9e97b3a252d1482) Importer(815301076,1909f56bfc062723c751e8b465ee728b) (PreviewImporter) -> (artifact id: '366ebbb174cd96de643ee03874b3491f') in 0.0265271 seconds
Number of updated asset objects reloaded before import = 0Number of asset objects unloaded after import = 2

========================================================================
Received Import Request.
  Time since last request: 136.795430 seconds.
  path: Assets/GameDevTV Assets/Materials and Textures/castle-colour-palette.png
  artifactKey: Guid(537e3b8237afd4c4082486ad963e88a7) Importer(815301076,1909f56bfc062723c751e8b465ee728b)
Start importing Assets/GameDevTV Assets/Materials and Textures/castle-colour-palette.png using Guid(537e3b8237afd4c4082486ad963e88a7) Importer(815301076,1909f56bfc062723c751e8b465ee728b) (PreviewImporter) -> (artifact id: '07c7fc4a27898b0a9d841b621872d743') in 0.0454216 seconds
Number of updated asset objects reloaded before import = 0Number of asset objects unloaded after import = 2

========================================================================
Received Import Request.
  Time since last request: 0.000029 seconds.
  path: Assets/GameDevTV Assets/Materials and Textures/Castle-MetallicSmoothpng.png
  artifactKey: Guid(14ccd4af4096c524290f20c0e464c27b) Importer(815301076,1909f56bfc062723c751e8b465ee728b)
Start importing Assets/GameDevTV Assets/Materials and Textures/Castle-MetallicSmoothpng.png using Guid(14ccd4af4096c524290f20c0e464c27b) Importer(815301076,1909f56bfc062723c751e8b465ee728b) (PreviewImporter) -> (artifact id: '82e7715d932b1de6ca46405e6685baa7') in 0.0266263 seconds
Number of updated asset objects reloaded before import = 0Number of asset objects unloaded after import = 2

========================================================================
Received Import Request.
  Time since last request: 4.479892 seconds.
  path: Assets/GameDevTV Assets/Materials and Textures/Materials
  artifactKey: Guid(7a0245b0bc5a915428f889cb4061350b) Importer(815301076,1909f56bfc062723c751e8b465ee728b)
Start importing Assets/GameDevTV Assets/Materials and Textures/Materials using Guid(7a0245b0bc5a915428f889cb4061350b) Importer(815301076,1909f56bfc062723c751e8b465ee728b) (PreviewImporter) -> (artifact id: '46278767aa8496d922e98ac2dab01d74') in 0.000875 seconds
Number of updated asset objects reloaded before import = 0Number of asset objects unloaded after import = 0

